This is pdfTeX, Version 3.14159265-2.6-1.40.17 (TeX Live 2016) (preloaded format=pdflatex 2016.5.22)  1 DEC 2017 15:48
entering extended mode
 restricted \write18 enabled.
 file:line:error style messages enabled.
 %&-line parsing enabled.
**vulnerable_reps.tex
(./vulnerable_reps.tex
LaTeX2e <2016/03/31>
Babel <3.9r> and hyphenation patterns for 83 language(s) loaded.
(/usr/local/texlive/2016/texmf-dist/tex/latex/base/article.cls
Document Class: article 2014/09/29 v1.4h Standard LaTeX document class
(/usr/local/texlive/2016/texmf-dist/tex/latex/base/size10.clo
File: size10.clo 2014/09/29 v1.4h Standard LaTeX file (size option)
)
\c@part=\count79
\c@section=\count80
\c@subsection=\count81
\c@subsubsection=\count82
\c@paragraph=\count83
\c@subparagraph=\count84
\c@figure=\count85
\c@table=\count86
\abovecaptionskip=\skip41
\belowcaptionskip=\skip42
\bibindent=\dimen102
)
(/usr/local/texlive/2016/texmf-dist/tex/latex/geometry/geometry.sty
Package: geometry 2010/09/12 v5.6 Page Geometry

(/usr/local/texlive/2016/texmf-dist/tex/latex/graphics/keyval.sty
Package: keyval 2014/10/28 v1.15 key=value parser (DPC)
\KV@toks@=\toks14
)
(/usr/local/texlive/2016/texmf-dist/tex/generic/oberdiek/ifpdf.sty
Package: ifpdf 2016/05/14 v3.1 Provides the ifpdf switch
)
(/usr/local/texlive/2016/texmf-dist/tex/generic/oberdiek/ifvtex.sty
Package: ifvtex 2016/05/16 v1.6 Detect VTeX and its facilities (HO)
Package ifvtex Info: VTeX not detected.
)
(/usr/local/texlive/2016/texmf-dist/tex/generic/ifxetex/ifxetex.sty
Package: ifxetex 2010/09/12 v0.6 Provides ifxetex conditional
)
\Gm@cnth=\count87
\Gm@cntv=\count88
\c@Gm@tempcnt=\count89
\Gm@bindingoffset=\dimen103
\Gm@wd@mp=\dimen104
\Gm@odd@mp=\dimen105
\Gm@even@mp=\dimen106
\Gm@layoutwidth=\dimen107
\Gm@layoutheight=\dimen108
\Gm@layouthoffset=\dimen109
\Gm@layoutvoffset=\dimen110
\Gm@dimlist=\toks15
)
(/usr/local/texlive/2016/texmf-dist/tex/latex/hyperref/hyperref.sty
Package: hyperref 2016/05/05 v6.83n Hypertext links for LaTeX

(/usr/local/texlive/2016/texmf-dist/tex/generic/oberdiek/hobsub-hyperref.sty
Package: hobsub-hyperref 2016/05/16 v1.14 Bundle oberdiek, subset hyperref (HO)


(/usr/local/texlive/2016/texmf-dist/tex/generic/oberdiek/hobsub-generic.sty
Package: hobsub-generic 2016/05/16 v1.14 Bundle oberdiek, subset generic (HO)
Package: hobsub 2016/05/16 v1.14 Construct package bundles (HO)
Package: infwarerr 2016/05/16 v1.4 Providing info/warning/error messages (HO)
Package: ltxcmds 2016/05/16 v1.23 LaTeX kernel commands for general use (HO)
Package: ifluatex 2016/05/16 v1.4 Provides the ifluatex switch (HO)
Package ifluatex Info: LuaTeX not detected.
Package hobsub Info: Skipping package `ifvtex' (already loaded).
Package: intcalc 2016/05/16 v1.2 Expandable calculations with integers (HO)
Package hobsub Info: Skipping package `ifpdf' (already loaded).
Package: etexcmds 2016/05/16 v1.6 Avoid name clashes with e-TeX commands (HO)
Package etexcmds Info: Could not find \expanded.
(etexcmds)             That can mean that you are not using pdfTeX 1.50 or
(etexcmds)             that some package has redefined \expanded.
(etexcmds)             In the latter case, load this package earlier.
Package: kvsetkeys 2016/05/16 v1.17 Key value parser (HO)
Package: kvdefinekeys 2016/05/16 v1.4 Define keys (HO)
Package: pdftexcmds 2016/05/10 v0.21 Utility functions of pdfTeX for LuaTeX (HO
)
Package pdftexcmds Info: LuaTeX not detected.
Package pdftexcmds Info: \pdf@primitive is available.
Package pdftexcmds Info: \pdf@ifprimitive is available.
Package pdftexcmds Info: \pdfdraftmode found.
Package: pdfescape 2016/05/16 v1.14 Implements pdfTeX's escape features (HO)
Package: bigintcalc 2016/05/16 v1.4 Expandable calculations on big integers (HO
)
Package: bitset 2016/05/16 v1.2 Handle bit-vector datatype (HO)
Package: uniquecounter 2016/05/16 v1.3 Provide unlimited unique counter (HO)
)
Package hobsub Info: Skipping package `hobsub' (already loaded).
Package: letltxmacro 2016/05/16 v1.5 Let assignment for LaTeX macros (HO)
Package: hopatch 2016/05/16 v1.3 Wrapper for package hooks (HO)
Package: xcolor-patch 2016/05/16 xcolor patch
Package: atveryend 2016/05/16 v1.9 Hooks at the very end of document (HO)
Package atveryend Info: \enddocument detected (standard20110627).
Package: atbegshi 2016/05/16 v1.17 At begin shipout hook (HO)
Package: refcount 2016/05/16 v3.5 Data extraction from label references (HO)
Package: hycolor 2016/05/16 v1.8 Color options for hyperref/bookmark (HO)
)
(/usr/local/texlive/2016/texmf-dist/tex/latex/oberdiek/auxhook.sty
Package: auxhook 2016/05/16 v1.4 Hooks for auxiliary files (HO)
)
(/usr/local/texlive/2016/texmf-dist/tex/latex/oberdiek/kvoptions.sty
Package: kvoptions 2016/05/16 v3.12 Key value format for package options (HO)
)
\@linkdim=\dimen111
\Hy@linkcounter=\count90
\Hy@pagecounter=\count91

(/usr/local/texlive/2016/texmf-dist/tex/latex/hyperref/pd1enc.def
File: pd1enc.def 2016/05/05 v6.83n Hyperref: PDFDocEncoding definition (HO)
)
\Hy@SavedSpaceFactor=\count92

(/usr/local/texlive/2016/texmf-dist/tex/latex/latexconfig/hyperref.cfg
File: hyperref.cfg 2002/06/06 v1.2 hyperref configuration of TeXLive
)
Package hyperref Info: Hyper figures OFF on input line 4446.
Package hyperref Info: Link nesting OFF on input line 4451.
Package hyperref Info: Hyper index ON on input line 4454.
Package hyperref Info: Plain pages OFF on input line 4461.
Package hyperref Info: Backreferencing OFF on input line 4466.
Package hyperref Info: Implicit mode ON; LaTeX internals redefined.
Package hyperref Info: Bookmarks ON on input line 4691.
\c@Hy@tempcnt=\count93

(/usr/local/texlive/2016/texmf-dist/tex/latex/url/url.sty
\Urlmuskip=\muskip10
Package: url 2013/09/16  ver 3.4  Verb mode for urls, etc.
)
LaTeX Info: Redefining \url on input line 5044.
\XeTeXLinkMargin=\dimen112
\Fld@menulength=\count94
\Field@Width=\dimen113
\Fld@charsize=\dimen114
Package hyperref Info: Hyper figures OFF on input line 6298.
Package hyperref Info: Link nesting OFF on input line 6303.
Package hyperref Info: Hyper index ON on input line 6306.
Package hyperref Info: backreferencing OFF on input line 6313.
Package hyperref Info: Link coloring OFF on input line 6318.
Package hyperref Info: Link coloring with OCG OFF on input line 6323.
Package hyperref Info: PDF/A mode OFF on input line 6328.
LaTeX Info: Redefining \ref on input line 6368.
LaTeX Info: Redefining \pageref on input line 6372.
\Hy@abspage=\count95
\c@Item=\count96
\c@Hfootnote=\count97
)

Package hyperref Message: Driver (autodetected): hpdftex.

(/usr/local/texlive/2016/texmf-dist/tex/latex/hyperref/hpdftex.def
File: hpdftex.def 2016/05/05 v6.83n Hyperref driver for pdfTeX
\Fld@listcount=\count98
\c@bookmark@seq@number=\count99

(/usr/local/texlive/2016/texmf-dist/tex/latex/oberdiek/rerunfilecheck.sty
Package: rerunfilecheck 2016/05/16 v1.8 Rerun checks for auxiliary files (HO)
Package uniquecounter Info: New unique counter `rerunfilecheck' on input line 2
82.
)
\Hy@SectionHShift=\skip43
)
Package hyperref Info: Option `colorlinks' set `true' on input line 5.

(/usr/local/texlive/2016/texmf-dist/tex/latex/todonotes/todonotes.sty
Package: todonotes 2015/07/09 .dtx Todonotes source and documentation.
Package: todonotes 2012/07/25

(/usr/local/texlive/2016/texmf-dist/tex/latex/base/ifthen.sty
Package: ifthen 2014/09/29 v1.1c Standard LaTeX ifthen package (DPC)
)
(/usr/local/texlive/2016/texmf-dist/tex/latex/xkeyval/xkeyval.sty
Package: xkeyval 2014/12/03 v2.7a package option processing (HA)

(/usr/local/texlive/2016/texmf-dist/tex/generic/xkeyval/xkeyval.tex
(/usr/local/texlive/2016/texmf-dist/tex/generic/xkeyval/xkvutils.tex
\XKV@toks=\toks16
\XKV@tempa@toks=\toks17
)
\XKV@depth=\count100
File: xkeyval.tex 2014/12/03 v2.7a key=value parser (HA)
))
(/usr/local/texlive/2016/texmf-dist/tex/latex/xcolor/xcolor.sty
Package: xcolor 2016/05/11 v2.12 LaTeX color extensions (UK)

(/usr/local/texlive/2016/texmf-dist/tex/latex/graphics-cfg/color.cfg
File: color.cfg 2016/01/02 v1.6 sample color configuration
)
Package xcolor Info: Driver file: pdftex.def on input line 225.

(/usr/local/texlive/2016/texmf-dist/tex/latex/pdftex-def/pdftex.def
File: pdftex.def 2011/05/27 v0.06d Graphics/color for pdfTeX
\Gread@gobject=\count101
)
Package xcolor Info: Model `cmy' substituted by `cmy0' on input line 1348.
Package xcolor Info: Model `hsb' substituted by `rgb' on input line 1352.
Package xcolor Info: Model `RGB' extended on input line 1364.
Package xcolor Info: Model `HTML' substituted by `rgb' on input line 1366.
Package xcolor Info: Model `Hsb' substituted by `hsb' on input line 1367.
Package xcolor Info: Model `tHsb' substituted by `hsb' on input line 1368.
Package xcolor Info: Model `HSB' substituted by `hsb' on input line 1369.
Package xcolor Info: Model `Gray' substituted by `gray' on input line 1370.
Package xcolor Info: Model `wave' substituted by `hsb' on input line 1371.
)
(/usr/local/texlive/2016/texmf-dist/tex/latex/pgf/frontendlayer/tikz.sty
(/usr/local/texlive/2016/texmf-dist/tex/latex/pgf/basiclayer/pgf.sty
(/usr/local/texlive/2016/texmf-dist/tex/latex/pgf/utilities/pgfrcs.sty
(/usr/local/texlive/2016/texmf-dist/tex/generic/pgf/utilities/pgfutil-common.te
x
\pgfutil@everybye=\toks18
\pgfutil@tempdima=\dimen115
\pgfutil@tempdimb=\dimen116

(/usr/local/texlive/2016/texmf-dist/tex/generic/pgf/utilities/pgfutil-common-li
sts.tex))
(/usr/local/texlive/2016/texmf-dist/tex/generic/pgf/utilities/pgfutil-latex.def
\pgfutil@abb=\box26
(/usr/local/texlive/2016/texmf-dist/tex/latex/ms/everyshi.sty
Package: everyshi 2001/05/15 v3.00 EveryShipout Package (MS)
))
(/usr/local/texlive/2016/texmf-dist/tex/generic/pgf/utilities/pgfrcs.code.tex
Package: pgfrcs 2015/08/07 v3.0.1a (rcs-revision 1.31)
))
Package: pgf 2015/08/07 v3.0.1a (rcs-revision 1.15)
(/usr/local/texlive/2016/texmf-dist/tex/latex/pgf/basiclayer/pgfcore.sty
(/usr/local/texlive/2016/texmf-dist/tex/latex/graphics/graphicx.sty
Package: graphicx 2014/10/28 v1.0g Enhanced LaTeX Graphics (DPC,SPQR)

(/usr/local/texlive/2016/texmf-dist/tex/latex/graphics/graphics.sty
Package: graphics 2016/05/09 v1.0r Standard LaTeX Graphics (DPC,SPQR)

(/usr/local/texlive/2016/texmf-dist/tex/latex/graphics/trig.sty
Package: trig 2016/01/03 v1.10 sin cos tan (DPC)
)
(/usr/local/texlive/2016/texmf-dist/tex/latex/graphics-cfg/graphics.cfg
File: graphics.cfg 2016/01/02 v1.10 sample graphics configuration
)
Package graphics Info: Driver file: pdftex.def on input line 96.
)
\Gin@req@height=\dimen117
\Gin@req@width=\dimen118
)
(/usr/local/texlive/2016/texmf-dist/tex/latex/pgf/systemlayer/pgfsys.sty
(/usr/local/texlive/2016/texmf-dist/tex/generic/pgf/systemlayer/pgfsys.code.tex
Package: pgfsys 2014/07/09 v3.0.1a (rcs-revision 1.48)
(/usr/local/texlive/2016/texmf-dist/tex/generic/pgf/utilities/pgfkeys.code.tex
\pgfkeys@pathtoks=\toks19
\pgfkeys@temptoks=\toks20

(/usr/local/texlive/2016/texmf-dist/tex/generic/pgf/utilities/pgfkeysfiltered.c
ode.tex
\pgfkeys@tmptoks=\toks21
))
\pgf@x=\dimen119
\pgf@y=\dimen120
\pgf@xa=\dimen121
\pgf@ya=\dimen122
\pgf@xb=\dimen123
\pgf@yb=\dimen124
\pgf@xc=\dimen125
\pgf@yc=\dimen126
\w@pgf@writea=\write3
\r@pgf@reada=\read1
\c@pgf@counta=\count102
\c@pgf@countb=\count103
\c@pgf@countc=\count104
\c@pgf@countd=\count105
\t@pgf@toka=\toks22
\t@pgf@tokb=\toks23
\t@pgf@tokc=\toks24

(/usr/local/texlive/2016/texmf-dist/tex/generic/pgf/systemlayer/pgf.cfg
File: pgf.cfg 2008/05/14  (rcs-revision 1.7)
)
Driver file for pgf: pgfsys-pdftex.def

(/usr/local/texlive/2016/texmf-dist/tex/generic/pgf/systemlayer/pgfsys-pdftex.d
ef
File: pgfsys-pdftex.def 2014/10/11  (rcs-revision 1.35)

(/usr/local/texlive/2016/texmf-dist/tex/generic/pgf/systemlayer/pgfsys-common-p
df.def
File: pgfsys-common-pdf.def 2013/10/10  (rcs-revision 1.13)
)))
(/usr/local/texlive/2016/texmf-dist/tex/generic/pgf/systemlayer/pgfsyssoftpath.
code.tex
File: pgfsyssoftpath.code.tex 2013/09/09  (rcs-revision 1.9)
\pgfsyssoftpath@smallbuffer@items=\count106
\pgfsyssoftpath@bigbuffer@items=\count107
)
(/usr/local/texlive/2016/texmf-dist/tex/generic/pgf/systemlayer/pgfsysprotocol.
code.tex
File: pgfsysprotocol.code.tex 2006/10/16  (rcs-revision 1.4)
))
(/usr/local/texlive/2016/texmf-dist/tex/generic/pgf/basiclayer/pgfcore.code.tex
Package: pgfcore 2010/04/11 v3.0.1a (rcs-revision 1.7)
(/usr/local/texlive/2016/texmf-dist/tex/generic/pgf/math/pgfmath.code.tex
(/usr/local/texlive/2016/texmf-dist/tex/generic/pgf/math/pgfmathcalc.code.tex
(/usr/local/texlive/2016/texmf-dist/tex/generic/pgf/math/pgfmathutil.code.tex)
(/usr/local/texlive/2016/texmf-dist/tex/generic/pgf/math/pgfmathparser.code.tex
\pgfmath@dimen=\dimen127
\pgfmath@count=\count108
\pgfmath@box=\box27
\pgfmath@toks=\toks25
\pgfmath@stack@operand=\toks26
\pgfmath@stack@operation=\toks27
)
(/usr/local/texlive/2016/texmf-dist/tex/generic/pgf/math/pgfmathfunctions.code.
tex
(/usr/local/texlive/2016/texmf-dist/tex/generic/pgf/math/pgfmathfunctions.basic
.code.tex)
(/usr/local/texlive/2016/texmf-dist/tex/generic/pgf/math/pgfmathfunctions.trigo
nometric.code.tex)
(/usr/local/texlive/2016/texmf-dist/tex/generic/pgf/math/pgfmathfunctions.rando
m.code.tex)
(/usr/local/texlive/2016/texmf-dist/tex/generic/pgf/math/pgfmathfunctions.compa
rison.code.tex)
(/usr/local/texlive/2016/texmf-dist/tex/generic/pgf/math/pgfmathfunctions.base.
code.tex)
(/usr/local/texlive/2016/texmf-dist/tex/generic/pgf/math/pgfmathfunctions.round
.code.tex)
(/usr/local/texlive/2016/texmf-dist/tex/generic/pgf/math/pgfmathfunctions.misc.
code.tex)
(/usr/local/texlive/2016/texmf-dist/tex/generic/pgf/math/pgfmathfunctions.integ
erarithmetics.code.tex)))
(/usr/local/texlive/2016/texmf-dist/tex/generic/pgf/math/pgfmathfloat.code.tex
\c@pgfmathroundto@lastzeros=\count109
))
(/usr/local/texlive/2016/texmf-dist/tex/generic/pgf/basiclayer/pgfcorepoints.co
de.tex
File: pgfcorepoints.code.tex 2013/10/07  (rcs-revision 1.27)
\pgf@picminx=\dimen128
\pgf@picmaxx=\dimen129
\pgf@picminy=\dimen130
\pgf@picmaxy=\dimen131
\pgf@pathminx=\dimen132
\pgf@pathmaxx=\dimen133
\pgf@pathminy=\dimen134
\pgf@pathmaxy=\dimen135
\pgf@xx=\dimen136
\pgf@xy=\dimen137
\pgf@yx=\dimen138
\pgf@yy=\dimen139
\pgf@zx=\dimen140
\pgf@zy=\dimen141
)
(/usr/local/texlive/2016/texmf-dist/tex/generic/pgf/basiclayer/pgfcorepathconst
ruct.code.tex
File: pgfcorepathconstruct.code.tex 2013/10/07  (rcs-revision 1.29)
\pgf@path@lastx=\dimen142
\pgf@path@lasty=\dimen143
)
(/usr/local/texlive/2016/texmf-dist/tex/generic/pgf/basiclayer/pgfcorepathusage
.code.tex
File: pgfcorepathusage.code.tex 2014/11/02  (rcs-revision 1.24)
\pgf@shorten@end@additional=\dimen144
\pgf@shorten@start@additional=\dimen145
)
(/usr/local/texlive/2016/texmf-dist/tex/generic/pgf/basiclayer/pgfcorescopes.co
de.tex
File: pgfcorescopes.code.tex 2015/05/08  (rcs-revision 1.46)
\pgfpic=\box28
\pgf@hbox=\box29
\pgf@layerbox@main=\box30
\pgf@picture@serial@count=\count110
)
(/usr/local/texlive/2016/texmf-dist/tex/generic/pgf/basiclayer/pgfcoregraphicst
ate.code.tex
File: pgfcoregraphicstate.code.tex 2014/11/02  (rcs-revision 1.12)
\pgflinewidth=\dimen146
)
(/usr/local/texlive/2016/texmf-dist/tex/generic/pgf/basiclayer/pgfcoretransform
ations.code.tex
File: pgfcoretransformations.code.tex 2015/08/07  (rcs-revision 1.20)
\pgf@pt@x=\dimen147
\pgf@pt@y=\dimen148
\pgf@pt@temp=\dimen149
)
(/usr/local/texlive/2016/texmf-dist/tex/generic/pgf/basiclayer/pgfcorequick.cod
e.tex
File: pgfcorequick.code.tex 2008/10/09  (rcs-revision 1.3)
)
(/usr/local/texlive/2016/texmf-dist/tex/generic/pgf/basiclayer/pgfcoreobjects.c
ode.tex
File: pgfcoreobjects.code.tex 2006/10/11  (rcs-revision 1.2)
)
(/usr/local/texlive/2016/texmf-dist/tex/generic/pgf/basiclayer/pgfcorepathproce
ssing.code.tex
File: pgfcorepathprocessing.code.tex 2013/09/09  (rcs-revision 1.9)
)
(/usr/local/texlive/2016/texmf-dist/tex/generic/pgf/basiclayer/pgfcorearrows.co
de.tex
File: pgfcorearrows.code.tex 2015/05/14  (rcs-revision 1.43)
\pgfarrowsep=\dimen150
)
(/usr/local/texlive/2016/texmf-dist/tex/generic/pgf/basiclayer/pgfcoreshade.cod
e.tex
File: pgfcoreshade.code.tex 2013/07/15  (rcs-revision 1.15)
\pgf@max=\dimen151
\pgf@sys@shading@range@num=\count111
)
(/usr/local/texlive/2016/texmf-dist/tex/generic/pgf/basiclayer/pgfcoreimage.cod
e.tex
File: pgfcoreimage.code.tex 2013/07/15  (rcs-revision 1.18)

(/usr/local/texlive/2016/texmf-dist/tex/generic/pgf/basiclayer/pgfcoreexternal.
code.tex
File: pgfcoreexternal.code.tex 2014/07/09  (rcs-revision 1.21)
\pgfexternal@startupbox=\box31
))
(/usr/local/texlive/2016/texmf-dist/tex/generic/pgf/basiclayer/pgfcorelayers.co
de.tex
File: pgfcorelayers.code.tex 2013/07/18  (rcs-revision 1.7)
)
(/usr/local/texlive/2016/texmf-dist/tex/generic/pgf/basiclayer/pgfcoretranspare
ncy.code.tex
File: pgfcoretransparency.code.tex 2013/09/30  (rcs-revision 1.5)
)
(/usr/local/texlive/2016/texmf-dist/tex/generic/pgf/basiclayer/pgfcorepatterns.
code.tex
File: pgfcorepatterns.code.tex 2013/11/07  (rcs-revision 1.5)
)))
(/usr/local/texlive/2016/texmf-dist/tex/generic/pgf/modules/pgfmoduleshapes.cod
e.tex
File: pgfmoduleshapes.code.tex 2014/03/21  (rcs-revision 1.35)
\pgfnodeparttextbox=\box32
)
(/usr/local/texlive/2016/texmf-dist/tex/generic/pgf/modules/pgfmoduleplot.code.
tex
File: pgfmoduleplot.code.tex 2015/08/03  (rcs-revision 1.13)
)
(/usr/local/texlive/2016/texmf-dist/tex/latex/pgf/compatibility/pgfcomp-version
-0-65.sty
Package: pgfcomp-version-0-65 2007/07/03 v3.0.1a (rcs-revision 1.7)
\pgf@nodesepstart=\dimen152
\pgf@nodesepend=\dimen153
)
(/usr/local/texlive/2016/texmf-dist/tex/latex/pgf/compatibility/pgfcomp-version
-1-18.sty
Package: pgfcomp-version-1-18 2007/07/23 v3.0.1a (rcs-revision 1.1)
))
(/usr/local/texlive/2016/texmf-dist/tex/latex/pgf/utilities/pgffor.sty
(/usr/local/texlive/2016/texmf-dist/tex/latex/pgf/utilities/pgfkeys.sty
(/usr/local/texlive/2016/texmf-dist/tex/generic/pgf/utilities/pgfkeys.code.tex)
) (/usr/local/texlive/2016/texmf-dist/tex/latex/pgf/math/pgfmath.sty
(/usr/local/texlive/2016/texmf-dist/tex/generic/pgf/math/pgfmath.code.tex))
(/usr/local/texlive/2016/texmf-dist/tex/generic/pgf/utilities/pgffor.code.tex
Package: pgffor 2013/12/13 v3.0.1a (rcs-revision 1.25)

(/usr/local/texlive/2016/texmf-dist/tex/generic/pgf/math/pgfmath.code.tex)
\pgffor@iter=\dimen154
\pgffor@skip=\dimen155
\pgffor@stack=\toks28
\pgffor@toks=\toks29
))
(/usr/local/texlive/2016/texmf-dist/tex/generic/pgf/frontendlayer/tikz/tikz.cod
e.tex
Package: tikz 2015/08/07 v3.0.1a (rcs-revision 1.151)

(/usr/local/texlive/2016/texmf-dist/tex/generic/pgf/libraries/pgflibraryplothan
dlers.code.tex
File: pgflibraryplothandlers.code.tex 2013/08/31 v3.0.1a (rcs-revision 1.20)
\pgf@plot@mark@count=\count112
\pgfplotmarksize=\dimen156
)
\tikz@lastx=\dimen157
\tikz@lasty=\dimen158
\tikz@lastxsaved=\dimen159
\tikz@lastysaved=\dimen160
\tikzleveldistance=\dimen161
\tikzsiblingdistance=\dimen162
\tikz@figbox=\box33
\tikz@figbox@bg=\box34
\tikz@tempbox=\box35
\tikz@tempbox@bg=\box36
\tikztreelevel=\count113
\tikznumberofchildren=\count114
\tikznumberofcurrentchild=\count115
\tikz@fig@count=\count116

(/usr/local/texlive/2016/texmf-dist/tex/generic/pgf/modules/pgfmodulematrix.cod
e.tex
File: pgfmodulematrix.code.tex 2013/09/17  (rcs-revision 1.8)
\pgfmatrixcurrentrow=\count117
\pgfmatrixcurrentcolumn=\count118
\pgf@matrix@numberofcolumns=\count119
)
\tikz@expandcount=\count120

(/usr/local/texlive/2016/texmf-dist/tex/generic/pgf/frontendlayer/tikz/librarie
s/tikzlibrarytopaths.code.tex
File: tikzlibrarytopaths.code.tex 2008/06/17 v3.0.1a (rcs-revision 1.2)
)))
(/usr/local/texlive/2016/texmf-dist/tex/generic/pgf/frontendlayer/tikz/librarie
s/tikzlibrarypositioning.code.tex
File: tikzlibrarypositioning.code.tex 2008/10/06 v3.0.1a (rcs-revision 1.7)
)
(/usr/local/texlive/2016/texmf-dist/tex/latex/tools/calc.sty
Package: calc 2014/10/28 v4.3 Infix arithmetic (KKT,FJ)
\calc@Acount=\count121
\calc@Bcount=\count122
\calc@Adimen=\dimen163
\calc@Bdimen=\dimen164
\calc@Askip=\skip44
\calc@Bskip=\skip45
LaTeX Info: Redefining \setlength on input line 80.
LaTeX Info: Redefining \addtolength on input line 81.
\calc@Ccount=\count123
\calc@Cskip=\skip46
)
\c@@todonotes@numberoftodonotes=\count124
)
(/usr/local/texlive/2016/texmf-dist/tex/latex/tocloft/tocloft.sty
Package: tocloft 2013/05/02 v2.3f parameterised ToC, etc., typesetting
Package tocloft Info: The document has section divisions on input line 44.
\cftparskip=\skip47
\cftbeforetoctitleskip=\skip48
\cftaftertoctitleskip=\skip49
\cftbeforepartskip=\skip50
\cftpartnumwidth=\skip51
\cftpartindent=\skip52
\cftbeforesecskip=\skip53
\cftsecindent=\skip54
\cftsecnumwidth=\skip55
\cftbeforesubsecskip=\skip56
\cftsubsecindent=\skip57
\cftsubsecnumwidth=\skip58
\cftbeforesubsubsecskip=\skip59
\cftsubsubsecindent=\skip60
\cftsubsubsecnumwidth=\skip61
\cftbeforeparaskip=\skip62
\cftparaindent=\skip63
\cftparanumwidth=\skip64
\cftbeforesubparaskip=\skip65
\cftsubparaindent=\skip66
\cftsubparanumwidth=\skip67
\cftbeforeloftitleskip=\skip68
\cftafterloftitleskip=\skip69
\cftbeforefigskip=\skip70
\cftfigindent=\skip71
\cftfignumwidth=\skip72
\c@lofdepth=\count125
\c@lotdepth=\count126
\cftbeforelottitleskip=\skip73
\cftafterlottitleskip=\skip74
\cftbeforetabskip=\skip75
\cfttabindent=\skip76
\cfttabnumwidth=\skip77
)
(/usr/local/texlive/2016/texmf-dist/tex/latex/microtype/microtype.sty
Package: microtype 2016/05/14 v2.6a Micro-typographical refinements (RS)
\MT@toks=\toks30
\MT@count=\count127
LaTeX Info: Redefining \textls on input line 774.
\MT@outer@kern=\dimen165
LaTeX Info: Redefining \textmicrotypecontext on input line 1310.
\MT@listname@count=\count128

(/usr/local/texlive/2016/texmf-dist/tex/latex/microtype/microtype-pdftex.def
File: microtype-pdftex.def 2016/05/14 v2.6a Definitions specific to pdftex (RS)

LaTeX Info: Redefining \lsstyle on input line 916.
LaTeX Info: Redefining \lslig on input line 916.
\MT@outer@space=\skip78
)
Package microtype Info: Loading configuration file microtype.cfg.

(/usr/local/texlive/2016/texmf-dist/tex/latex/microtype/microtype.cfg
File: microtype.cfg 2016/05/14 v2.6a microtype main configuration file (RS)
))
(/usr/local/texlive/2016/texmf-dist/tex/latex/psnfss/palatino.sty
Package: palatino 2005/04/12 PSNFSS-v9.2a (SPQR) 
)
(/usr/local/texlive/2016/texmf-dist/tex/latex/wasysym/wasysym.sty
Package: wasysym 2003/10/30 v2.0 Wasy-2 symbol support package
\symwasy=\mathgroup4
LaTeX Font Info:    Overwriting symbol font `wasy' in version `bold'
(Font)                  U/wasy/m/n --> U/wasy/b/n on input line 90.
)
(/usr/local/texlive/2016/texmf-dist/tex/latex/tools/tabularx.sty
Package: tabularx 2016/02/03 v2.11 `tabularx' package (DPC)

(/usr/local/texlive/2016/texmf-dist/tex/latex/tools/array.sty
Package: array 2014/10/28 v2.4c Tabular extension package (FMi)
\col@sep=\dimen166
\extrarowheight=\dimen167
\NC@list=\toks31
\extratabsurround=\skip79
\backup@length=\skip80
)
\TX@col@width=\dimen168
\TX@old@table=\dimen169
\TX@old@col=\dimen170
\TX@target=\dimen171
\TX@delta=\dimen172
\TX@cols=\count129
\TX@ftn=\toks32
)
(/usr/local/texlive/2016/texmf-dist/tex/latex/tcolorbox/tcolorbox.sty
Package: tcolorbox 2016/04/27 version 3.91 text color boxes

(/usr/local/texlive/2016/texmf-dist/tex/latex/tools/verbatim.sty
Package: verbatim 2014/10/28 v1.5q LaTeX2e package for verbatim enhancements
\every@verbatim=\toks33
\verbatim@line=\toks34
\verbatim@in@stream=\read2
)
(/usr/local/texlive/2016/texmf-dist/tex/latex/environ/environ.sty
Package: environ 2014/05/04 v0.3 A new way to define environments

(/usr/local/texlive/2016/texmf-dist/tex/latex/trimspaces/trimspaces.sty
Package: trimspaces 2009/09/17 v1.1 Trim spaces around a token list
)
\@envbody=\toks35
)
(/usr/local/texlive/2016/texmf-dist/tex/latex/etoolbox/etoolbox.sty
Package: etoolbox 2015/08/02 v2.2a e-TeX tools for LaTeX (JAW)
\etb@tempcnta=\count130
)
\tcb@titlebox=\box37
\tcb@upperbox=\box38
\tcb@lowerbox=\box39
\tcb@phantombox=\box40
\c@tcbbreakpart=\count131
\c@tcblayer=\count132
\tcolorbox@number=\count133
\tcb@temp=\box41
\tcb@temp=\box42
\tcb@temp=\box43
\tcb@temp=\box44
\tcb@out=\write4
\tcb@record@out=\write5

(/usr/local/texlive/2016/texmf-dist/tex/latex/tcolorbox/tcbskins.code.tex
Library (tcolorbox): 'tcbskins.code.tex' version '3.91'
\tcb@waterbox=\box45

(/usr/local/texlive/2016/texmf-dist/tex/latex/tcolorbox/tcbskinsjigsaw.code.tex
Library (tcolorbox): 'tcbskinsjigsaw.code.tex' version '3.91'
))) (/usr/local/texlive/2016/texmf-dist/tex/latex/tools/multicol.sty
Package: multicol 2016/04/07 v1.8p multicolumn formatting (FMi)
\c@tracingmulticols=\count134
\mult@box=\box46
\multicol@leftmargin=\dimen173
\c@unbalance=\count135
\c@collectmore=\count136
\doublecol@number=\count137
\multicoltolerance=\count138
\multicolpretolerance=\count139
\full@width=\dimen174
\page@free=\dimen175
\premulticols=\dimen176
\postmulticols=\dimen177
\multicolsep=\skip81
\multicolbaselineskip=\skip82
\partial@page=\box47
\last@line=\box48
\maxbalancingoverflow=\dimen178
\mult@rightbox=\box49
\mult@grightbox=\box50
\mult@gfirstbox=\box51
\mult@firstbox=\box52
\@tempa=\box53
\@tempa=\box54
\@tempa=\box55
\@tempa=\box56
\@tempa=\box57
\@tempa=\box58
\@tempa=\box59
\@tempa=\box60
\@tempa=\box61
\@tempa=\box62
\@tempa=\box63
\@tempa=\box64
\@tempa=\box65
\@tempa=\box66
\@tempa=\box67
\@tempa=\box68
\@tempa=\box69
\c@columnbadness=\count140
\c@finalcolumnbadness=\count141
\last@try=\dimen179
\multicolovershoot=\dimen180
\multicolundershoot=\dimen181
\mult@nat@firstbox=\box70
\colbreak@box=\box71
\mc@col@check@num=\count142
)
(/usr/local/texlive/2016/texmf-dist/tex/latex/vwcol/vwcol.sty
Package: vwcol 2015/02/10 v0.2 Variable-width multicolumn text

(/usr/local/texlive/2016/texmf-dist/tex/latex/ms/ragged2e.sty
Package: ragged2e 2009/05/21 v2.1 ragged2e Package (MS)

(/usr/local/texlive/2016/texmf-dist/tex/latex/ms/everysel.sty
Package: everysel 2011/10/28 v1.2 EverySelectfont Package (MS)
)
\CenteringLeftskip=\skip83
\RaggedLeftLeftskip=\skip84
\RaggedRightLeftskip=\skip85
\CenteringRightskip=\skip86
\RaggedLeftRightskip=\skip87
\RaggedRightRightskip=\skip88
\CenteringParfillskip=\skip89
\RaggedLeftParfillskip=\skip90
\RaggedRightParfillskip=\skip91
\JustifyingParfillskip=\skip92
\CenteringParindent=\skip93
\RaggedLeftParindent=\skip94
\RaggedRightParindent=\skip95
\JustifyingParindent=\skip96
)
\vwcol@sep=\skip97
\vwcol@rule=\skip98
\vwcol@totalwidth=\skip99
\vwcol@averagewidth=\skip100
\vwcol@parindent=\skip101
\vwcol@last=\count143
\vwcol@Ncols=\count144
\vwcol@Nlines=\count145
\vwcol@maxrecursion=\count146
\vwcol@box=\box72
\vwcol@plainbox=\box73
\vwcol@outputbox=\box74
)
(/usr/local/texlive/2016/texmf-dist/tex/latex/blindtext/blindtext.sty
Package: blindtext 2012/01/06 V2.0 blindtext-Package

(/usr/local/texlive/2016/texmf-dist/tex/latex/tools/xspace.sty
Package: xspace 2014/10/28 v1.13 Space after command names (DPC,MH)
)
\c@blindtext=\count147
\c@Blindtext=\count148
\c@blind@countparstart=\count149
\blind@countxx=\count150
\blindtext@numBlindtext=\count151
\blind@countyy=\count152
\c@blindlist=\count153
\c@blindlistlevel=\count154
\c@blindlist@level=\count155
\blind@listitem=\count156
\c@blind@listcount=\count157
\c@blind@levelcount=\count158
\blind@mathformula=\count159
\blind@Mathformula=\count160
\c@blind@randomcount=\count161
\c@blind@randommax=\count162
\c@blind@pangramcount=\count163
\c@blind@pangrammax=\count164
)
(/usr/local/texlive/2016/texmf-dist/tex/generic/pgf/frontendlayer/tikz/librarie
s/tikzlibrarymatrix.code.tex
File: tikzlibrarymatrix.code.tex 2013/07/12 v3.0.1a (rcs-revision 1.4)
)
(/usr/local/texlive/2016/texmf-dist/tex/latex/colortbl/colortbl.sty
Package: colortbl 2012/02/13 v1.0a Color table columns (DPC)
\everycr=\toks36
\minrowclearance=\skip102
)
(/usr/local/texlive/2016/texmf-dist/tex/latex/booktabs/booktabs.sty
Package: booktabs 2016/04/27 v1.618033 publication quality tables
\heavyrulewidth=\dimen182
\lightrulewidth=\dimen183
\cmidrulewidth=\dimen184
\belowrulesep=\dimen185
\belowbottomsep=\dimen186
\aboverulesep=\dimen187
\abovetopsep=\dimen188
\cmidrulesep=\dimen189
\cmidrulekern=\dimen190
\defaultaddspace=\dimen191
\@cmidla=\count165
\@cmidlb=\count166
\@aboverulesep=\dimen192
\@belowrulesep=\dimen193
\@thisruleclass=\count167
\@lastruleclass=\count168
\@thisrulewidth=\dimen194
)
(/usr/local/texlive/2016/texmf-dist/tex/latex/multirow/multirow.sty
\bigstrutjot=\dimen195
)
(/usr/local/texlive/2016/texmf-dist/tex/latex/fp/fp.sty
Package: fp 1995/04/02

`Fixed Point Package', Version 0.8, April 2, 1995 (C) Michael Mehlich
(/usr/local/texlive/2016/texmf-dist/tex/latex/fp/defpattern.sty
Package: defpattern 1994/10/12
\actioncount=\count169
)
(/usr/local/texlive/2016/texmf-dist/tex/latex/fp/fp-basic.sty
Package: fp-basic 1996/05/13
\FP@xs=\count170
\FP@xia=\count171
\FP@xib=\count172
\FP@xfa=\count173
\FP@xfb=\count174
\FP@rega=\count175
\FP@regb=\count176
\FP@regs=\count177
\FP@times=\count178
)
(/usr/local/texlive/2016/texmf-dist/tex/latex/fp/fp-addons.sty
Package: fp-addons 1995/03/15
)
(/usr/local/texlive/2016/texmf-dist/tex/latex/fp/fp-snap.sty
Package: fp-snap 1995/04/05
)
(/usr/local/texlive/2016/texmf-dist/tex/latex/fp/fp-exp.sty
Package: fp-exp 1995/04/03
)
(/usr/local/texlive/2016/texmf-dist/tex/latex/fp/fp-trigo.sty
Package: fp-trigo 1995/04/14
)
(/usr/local/texlive/2016/texmf-dist/tex/latex/fp/fp-pas.sty
Package: fp-pas 1994/08/29
)
(/usr/local/texlive/2016/texmf-dist/tex/latex/fp/fp-random.sty
Package: fp-random 1995/02/23
\FPseed=\count179
)
(/usr/local/texlive/2016/texmf-dist/tex/latex/fp/fp-eqn.sty
Package: fp-eqn 1995/04/03
)
(/usr/local/texlive/2016/texmf-dist/tex/latex/fp/fp-upn.sty
Package: fp-upn 1996/10/21
)
(/usr/local/texlive/2016/texmf-dist/tex/latex/fp/fp-eval.sty
Package: fp-eval 1995/04/03
))
(/usr/local/texlive/2016/texmf-dist/tex/latex/fancyhdr/fancyhdr.sty
\fancy@headwidth=\skip103
\f@ncyO@elh=\skip104
\f@ncyO@erh=\skip105
\f@ncyO@olh=\skip106
\f@ncyO@orh=\skip107
\f@ncyO@elf=\skip108
\f@ncyO@erf=\skip109
\f@ncyO@olf=\skip110
\f@ncyO@orf=\skip111
)
(./vulnerable_reps.aux)
\openout1 = `vulnerable_reps.aux'.

LaTeX Font Info:    Checking defaults for OML/cmm/m/it on input line 78.
LaTeX Font Info:    ... okay on input line 78.
LaTeX Font Info:    Checking defaults for T1/cmr/m/n on input line 78.
LaTeX Font Info:    ... okay on input line 78.
LaTeX Font Info:    Checking defaults for OT1/cmr/m/n on input line 78.
LaTeX Font Info:    ... okay on input line 78.
LaTeX Font Info:    Checking defaults for OMS/cmsy/m/n on input line 78.
LaTeX Font Info:    ... okay on input line 78.
LaTeX Font Info:    Checking defaults for OMX/cmex/m/n on input line 78.
LaTeX Font Info:    ... okay on input line 78.
LaTeX Font Info:    Checking defaults for U/cmr/m/n on input line 78.
LaTeX Font Info:    ... okay on input line 78.
LaTeX Font Info:    Checking defaults for PD1/pdf/m/n on input line 78.
LaTeX Font Info:    ... okay on input line 78.
LaTeX Font Info:    Try loading font information for OT1+ppl on input line 78.

(/usr/local/texlive/2016/texmf-dist/tex/latex/psnfss/ot1ppl.fd
File: ot1ppl.fd 2001/06/04 font definitions for OT1/ppl.
)
*geometry* driver: auto-detecting
*geometry* detected driver: pdftex
*geometry* verbose mode - [ preamble ] result:
* driver: pdftex
* paper: <default>
* layout: <same size as paper>
* layoutoffset:(h,v)=(0.0pt,0.0pt)
* modes: 
* h-part:(L,W,R)=(65.04256pt, 484.20988pt, 65.04256pt)
* v-part:(T,H,B)=(65.04256pt, 664.88487pt, 65.04256pt)
* \paperwidth=614.295pt
* \paperheight=794.96999pt
* \textwidth=484.20988pt
* \textheight=664.88487pt
* \oddsidemargin=-7.22743pt
* \evensidemargin=-7.22743pt
* \topmargin=-44.22743pt
* \headheight=22.0pt
* \headsep=25.0pt
* \topskip=10.0pt
* \footskip=30.0pt
* \marginparwidth=65.0pt
* \marginparsep=11.0pt
* \columnsep=10.0pt
* \skip\footins=9.0pt plus 4.0pt minus 2.0pt
* \hoffset=0.0pt
* \voffset=0.0pt
* \mag=1000
* \@twocolumnfalse
* \@twosidefalse
* \@mparswitchfalse
* \@reversemarginfalse
* (1in=72.27pt=25.4mm, 1cm=28.453pt)

\AtBeginShipoutBox=\box75
Package hyperref Info: Link coloring ON on input line 78.
(/usr/local/texlive/2016/texmf-dist/tex/latex/hyperref/nameref.sty
Package: nameref 2012/10/27 v2.43 Cross-referencing by name of section

(/usr/local/texlive/2016/texmf-dist/tex/generic/oberdiek/gettitlestring.sty
Package: gettitlestring 2016/05/16 v1.5 Cleanup title references (HO)
)
\c@section@level=\count180
)
LaTeX Info: Redefining \ref on input line 78.
LaTeX Info: Redefining \pageref on input line 78.
LaTeX Info: Redefining \nameref on input line 78.

(./vulnerable_reps.out) (./vulnerable_reps.out)
\@outlinefile=\write6
\openout6 = `vulnerable_reps.out'.


(/usr/local/texlive/2016/texmf-dist/tex/context/base/mkii/supp-pdf.mkii
[Loading MPS to PDF converter (version 2006.09.02).]
\scratchcounter=\count181
\scratchdimen=\dimen196
\scratchbox=\box76
\nofMPsegments=\count182
\nofMParguments=\count183
\everyMPshowfont=\toks37
\MPscratchCnt=\count184
\MPscratchDim=\dimen197
\MPnumerator=\count185
\makeMPintoPDFobject=\count186
\everyMPtoPDFconversion=\toks38
) ABD: EveryShipout initializing macros
(/usr/local/texlive/2016/texmf-dist/tex/latex/oberdiek/epstopdf-base.sty
Package: epstopdf-base 2016/05/15 v2.6 Base part for package epstopdf

(/usr/local/texlive/2016/texmf-dist/tex/latex/oberdiek/grfext.sty
Package: grfext 2016/05/16 v1.2 Manage graphics extensions (HO)
)
Package grfext Info: Graphics extension search list:
(grfext)             [.png,.pdf,.jpg,.mps,.jpeg,.jbig2,.jb2,.PNG,.PDF,.JPG,.JPE
G,.JBIG2,.JB2,.eps]
(grfext)             \AppendGraphicsExtensions on input line 456.

(/usr/local/texlive/2016/texmf-dist/tex/latex/latexconfig/epstopdf-sys.cfg
File: epstopdf-sys.cfg 2010/07/13 v1.3 Configuration of (r)epstopdf for TeX Liv
e
))
LaTeX Info: Redefining \microtypecontext on input line 78.
Package microtype Info: Generating PDF output.
Package microtype Info: Character protrusion enabled (level 2).
Package microtype Info: Using default protrusion set `alltext'.
Package microtype Info: Automatic font expansion enabled (level 2),
(microtype)             stretch: 20, shrink: 20, step: 1, non-selected.
Package microtype Info: Using default expansion set `basictext'.
Package microtype Info: No adjustment of tracking.
Package microtype Info: No adjustment of interword spacing.
Package microtype Info: No adjustment of character kerning.

(/usr/local/texlive/2016/texmf-dist/tex/latex/microtype/mt-ppl.cfg
File: mt-ppl.cfg 2005/11/16 v1.6 microtype config. file: Palatino (RS)
)
ABD: EverySelectfont initializing macros
LaTeX Info: Redefining \selectfont on input line 78.
LaTeX Font Info:    Font shape `OT1/ppl/bx/n' in size <24.88> not available
(Font)              Font shape `OT1/ppl/b/n' tried instead on input line 83.
LaTeX Font Info:    Font shape `OT1/ppl/bx/it' in size <24.88> not available
(Font)              Font shape `OT1/ppl/b/it' tried instead on input line 83.

Overfull \hbox (1.38698pt too wide) in paragraph at lines 87--89
[]  
 []

LaTeX Font Info:    Font shape `OT1/ppl/bx/n' in size <14.4> not available
(Font)              Font shape `OT1/ppl/b/n' tried instead on input line 91.
LaTeX Font Info:    Font shape `OT1/ppl/bx/it' in size <14.4> not available
(Font)              Font shape `OT1/ppl/b/it' tried instead on input line 91.
<headshots/walters.jpg, id=7, 544.0325pt x 495.8525pt>
File: headshots/walters.jpg Graphic file (type jpg)

<use headshots/walters.jpg>
Package pdftex.def Info: headshots/walters.jpg used on input line 91.
(pdftex.def)             Requested size: 544.03117pt x 495.85129pt.

(/usr/local/texlive/2016/texmf-dist/tex/latex/microtype/mt-cmr.cfg)
(/usr/local/texlive/2016/texmf-dist/tex/latex/wasysym/uwasy.fd)
Overfull \hbox (268.48608pt too wide) in paragraph at lines 91--91
[][] 
 []

File: headshots/walters.jpg Graphic file (type jpg)
<use headshots/walters.jpg>
Package pdftex.def Info: headshots/walters.jpg used on input line 91.
(pdftex.def)             Requested size: 544.03117pt x 495.85129pt.

Underfull \hbox (badness 10000) in alignment at lines 91--91
[][] 
 []


Overfull \hbox (15.00002pt too wide) in paragraph at lines 91--91
[][] 
 []


Underfull \vbox (badness 10000) detected at line 91
 []


Underfull \vbox (badness 10000) detected at line 91
 []


Overfull \hbox (115.05042pt too wide) detected at line 91
[] []|[] []
 []

<headshots/reed.jpg, id=8, 2622.79875pt x 2678.005pt>
File: headshots/reed.jpg Graphic file (type jpg)
 <use headshots/reed.jpg>
Package pdftex.def Info: headshots/reed.jpg used on input line 92.
(pdftex.def)             Requested size: 2622.79239pt x 2677.9985pt.

Overfull \hbox (268.48608pt too wide) in paragraph at lines 92--92
[][] 
 []

File: headshots/reed.jpg Graphic file (type jpg)
<use headshots/reed.jpg>
Package pdftex.def Info: headshots/reed.jpg used on input line 92.
(pdftex.def)             Requested size: 2622.79239pt x 2677.9985pt.

Underfull \hbox (badness 10000) in alignment at lines 92--92
[][] 
 []


Overfull \hbox (15.00002pt too wide) in paragraph at lines 92--92
[][] 
 []


Underfull \vbox (badness 10000) detected at line 92
 []


Underfull \vbox (badness 10000) detected at line 92
 []


Overfull \hbox (115.05042pt too wide) detected at line 92
[] []|[] []
 []

<headshots/ros_lehtinen.jpg, id=9, 413.545pt x 391.4625pt>
File: headshots/ros_lehtinen.jpg Graphic file (type jpg)

<use headshots/ros_lehtinen.jpg>
Package pdftex.def Info: headshots/ros_lehtinen.jpg used on input line 93.
(pdftex.def)             Requested size: 413.54398pt x 391.46153pt.

Overfull \hbox (268.48608pt too wide) in paragraph at lines 93--93
[][] 
 []

File: headshots/ros_lehtinen.jpg Graphic file (type jpg)
<use headshots/ros_lehtinen.jpg>
Package pdftex.def Info: headshots/ros_lehtinen.jpg used on input line 93.
(pdftex.def)             Requested size: 413.54398pt x 391.46153pt.

Underfull \hbox (badness 10000) in alignment at lines 93--93
[][] 
 []


Overfull \hbox (15.00002pt too wide) in paragraph at lines 93--93
[][] 
 []


Underfull \vbox (badness 10000) detected at line 93
 []


Underfull \vbox (badness 10000) detected at line 93
 []


Overfull \hbox (115.05042pt too wide) detected at line 93
[] []|[] []
 []

<headshots/hollingsworth.jpg, id=10, 2101.8525pt x 2135.98pt>
File: headshots/hollingsworth.jpg Graphic file (type jpg)

<use headshots/hollingsworth.jpg>
Package pdftex.def Info: headshots/hollingsworth.jpg used on input line 94.
(pdftex.def)             Requested size: 2101.8474pt x 2135.97481pt.

Overfull \hbox (268.48608pt too wide) in paragraph at lines 94--94
[][] 
 []

File: headshots/hollingsworth.jpg Graphic file (type jpg)
<use headshots/hollingsworth.jpg>
Package pdftex.def Info: headshots/hollingsworth.jpg used on input line 94.
(pdftex.def)             Requested size: 2101.8474pt x 2135.97481pt.

Underfull \hbox (badness 10000) in alignment at lines 94--94
[][] 
 []


Overfull \hbox (15.00002pt too wide) in paragraph at lines 94--94
[][] 
 []


Underfull \vbox (badness 10000) detected at line 94
 []


Underfull \vbox (badness 10000) detected at line 94
 []


Overfull \hbox (115.05042pt too wide) detected at line 94
[] []|[] []
 []

<headshots/yoho.jpg, id=11, 2818.53pt x 2758.305pt>
File: headshots/yoho.jpg Graphic file (type jpg)
 <use headshots/yoho.jpg>
Package pdftex.def Info: headshots/yoho.jpg used on input line 96.
(pdftex.def)             Requested size: 2818.52316pt x 2758.2983pt.

Overfull \hbox (268.48608pt too wide) in paragraph at lines 96--96
[][] 
 []

File: headshots/yoho.jpg Graphic file (type jpg)
<use headshots/yoho.jpg>
Package pdftex.def Info: headshots/yoho.jpg used on input line 96.
(pdftex.def)             Requested size: 2818.52316pt x 2758.2983pt.

Underfull \hbox (badness 10000) in alignment at lines 96--96
[][] 
 []


Overfull \hbox (15.00002pt too wide) in paragraph at lines 96--96
[][] 
 []


Underfull \vbox (badness 10000) detected at line 96
 []


Underfull \vbox (badness 10000) detected at line 96
 []


Overfull \hbox (115.05042pt too wide) detected at line 96
[] []|[] []
 []

<314logo.png, id=12, 1505.625pt x 457.71pt>
File: 314logo.png Graphic file (type png)
 <use 314logo.png>
Package pdftex.def Info: 314logo.png used on input line 97.
(pdftex.def)             Requested size: 121.05246pt x 36.79913pt.


Package Fancyhdr Warning: \headheight is too small (22.0pt): 
 Make it at least 40.39917pt.
 We now make it that large for the rest of the document.
 This may cause the page layout to be inconsistent, however.

[1

{/usr/local/texlive/2016/texmf-var/fonts/map/pdftex/updmap/pdftex.map} <./314lo
go.png> <./headshots/walters.jpg> <./headshots/reed.jpg> <./headshots/ros_lehti
nen.jpg> <./headshots/hollingsworth.jpg>]
<headshots/bishop.jpg, id=24, 691.58376pt x 705.63625pt>
File: headshots/bishop.jpg Graphic file (type jpg)

<use headshots/bishop.jpg>
Package pdftex.def Info: headshots/bishop.jpg used on input line 97.
(pdftex.def)             Requested size: 691.58206pt x 705.63452pt.

Overfull \hbox (268.48608pt too wide) in paragraph at lines 97--97
[][] 
 []

File: headshots/bishop.jpg Graphic file (type jpg)
<use headshots/bishop.jpg>
Package pdftex.def Info: headshots/bishop.jpg used on input line 97.
(pdftex.def)             Requested size: 691.58206pt x 705.63452pt.

Underfull \hbox (badness 10000) in alignment at lines 97--97
[][] 
 []


Overfull \hbox (15.00002pt too wide) in paragraph at lines 97--97
[][] 
 []


Underfull \vbox (badness 10000) detected at line 97
 []


Underfull \vbox (badness 10000) detected at line 97
 []


Overfull \hbox (115.05042pt too wide) detected at line 97
[] []|[] []
 []

<headshots/garrett.jpg, id=25, 2370.8575pt x 2347.77126pt>
File: headshots/garrett.jpg Graphic file (type jpg)

<use headshots/garrett.jpg>
Package pdftex.def Info: headshots/garrett.jpg used on input line 98.
(pdftex.def)             Requested size: 2370.85173pt x 2347.76556pt.

Overfull \hbox (268.48608pt too wide) in paragraph at lines 98--98
[][] 
 []

File: headshots/garrett.jpg Graphic file (type jpg)
<use headshots/garrett.jpg>
Package pdftex.def Info: headshots/garrett.jpg used on input line 98.
(pdftex.def)             Requested size: 2370.85173pt x 2347.76556pt.

Underfull \hbox (badness 10000) in alignment at lines 98--98
[][] 
 []


Overfull \hbox (15.00002pt too wide) in paragraph at lines 98--98
[][] 
 []


Underfull \vbox (badness 10000) detected at line 98
 []


Underfull \vbox (badness 10000) detected at line 98
 []


Overfull \hbox (115.05042pt too wide) detected at line 98
[] []|[] []
 []

<headshots/barton.jpg, id=26, 1094.0875pt x 1094.0875pt>
File: headshots/barton.jpg Graphic file (type jpg)

<use headshots/barton.jpg>
Package pdftex.def Info: headshots/barton.jpg used on input line 99.
(pdftex.def)             Requested size: 1094.08482pt x 1094.08482pt.

Overfull \hbox (268.48608pt too wide) in paragraph at lines 99--99
[][] 
 []

File: headshots/barton.jpg Graphic file (type jpg)
<use headshots/barton.jpg>
Package pdftex.def Info: headshots/barton.jpg used on input line 99.
(pdftex.def)             Requested size: 1094.08482pt x 1094.08482pt.

Underfull \hbox (badness 10000) in alignment at lines 99--99
[][] 
 []


Overfull \hbox (15.00002pt too wide) in paragraph at lines 99--99
[][] 
 []


Underfull \vbox (badness 10000) detected at line 99
 []


Underfull \vbox (badness 10000) detected at line 99
 []


Overfull \hbox (115.05042pt too wide) detected at line 99
[] []|[] []
 []

<headshots/walorski.jpg, id=27, 1644.1425pt x 1524.69624pt>
File: headshots/walorski.jpg Graphic file (type jpg)

<use headshots/walorski.jpg>
Package pdftex.def Info: headshots/walorski.jpg used on input line 100.
(pdftex.def)             Requested size: 1644.1385pt x 1524.69254pt.

Overfull \hbox (268.48608pt too wide) in paragraph at lines 100--100
[][] 
 []

File: headshots/walorski.jpg Graphic file (type jpg)
<use headshots/walorski.jpg>
Package pdftex.def Info: headshots/walorski.jpg used on input line 100.
(pdftex.def)             Requested size: 1644.1385pt x 1524.69254pt.

Underfull \hbox (badness 10000) in alignment at lines 100--100
[][] 
 []


Overfull \hbox (15.00002pt too wide) in paragraph at lines 100--100
[][] 
 []


Underfull \vbox (badness 10000) detected at line 100
 []


Underfull \vbox (badness 10000) detected at line 100
 []


Overfull \hbox (115.05042pt too wide) detected at line 100
[] []|[] []
 []

<headshots/davis.jpg, id=28, 3005.2275pt x 2998.20125pt>
File: headshots/davis.jpg Graphic file (type jpg)

<use headshots/davis.jpg>
Package pdftex.def Info: headshots/davis.jpg used on input line 101.
(pdftex.def)             Requested size: 3005.2202pt x 2998.19397pt.

Overfull \hbox (268.48608pt too wide) in paragraph at lines 101--101
[][] 
 []

File: headshots/davis.jpg Graphic file (type jpg)
<use headshots/davis.jpg>
Package pdftex.def Info: headshots/davis.jpg used on input line 101.
(pdftex.def)             Requested size: 3005.2202pt x 2998.19397pt.

Underfull \hbox (badness 10000) in alignment at lines 101--101
[][] 
 []


Overfull \hbox (15.00002pt too wide) in paragraph at lines 101--101
[][] 
 []


Underfull \vbox (badness 10000) detected at line 101
 []


Underfull \vbox (badness 10000) detected at line 101
 []


Overfull \hbox (115.05042pt too wide) detected at line 101
[] []|[] []
 []

File: 314logo.png Graphic file (type png)
<use 314logo.png>
Package pdftex.def Info: 314logo.png used on input line 102.
(pdftex.def)             Requested size: 121.05246pt x 36.79913pt.


Package Fancyhdr Warning: \headheight is too small (22.0pt): 
 Make it at least 40.39917pt.
 We now make it that large for the rest of the document.
 This may cause the page layout to be inconsistent, however.

pdfTeX warning (ext4): destination with the same identifier (name{page.}) has b
een already used, duplicate ignored
<to be read again> 
                   \relax 
l.102 ...98}{0.596}{headshots/mcmorris_rogers.jpg}
                                                   [2 <./headshots/yoho.jpg> <.
/headshots/bishop.jpg> <./headshots/garrett.jpg> <./headshots/barton.jpg> <./he
adshots/walorski.jpg>]
<headshots/mcmorris_rogers.jpg, id=32, 456.70625pt x 477.785pt>
File: headshots/mcmorris_rogers.jpg Graphic file (type jpg)

<use headshots/mcmorris_rogers.jpg>
Package pdftex.def Info: headshots/mcmorris_rogers.jpg used on input line 102.
(pdftex.def)             Requested size: 456.70512pt x 477.78383pt.

Overfull \hbox (268.48608pt too wide) in paragraph at lines 102--102
[][] 
 []

File: headshots/mcmorris_rogers.jpg Graphic file (type jpg)
<use headshots/mcmorris_rogers.jpg>
Package pdftex.def Info: headshots/mcmorris_rogers.jpg used on input line 102.
(pdftex.def)             Requested size: 456.70512pt x 477.78383pt.

Underfull \hbox (badness 10000) in alignment at lines 102--102
[][] 
 []


Overfull \hbox (15.00002pt too wide) in paragraph at lines 102--102
[][] 
 []


Underfull \vbox (badness 10000) detected at line 102
 []


Underfull \vbox (badness 10000) detected at line 102
 []


Overfull \hbox (115.05042pt too wide) detected at line 102
[] []|[] []
 []

<headshots/dunn.jpg, id=33, 2767.33875pt x 2813.51125pt>
File: headshots/dunn.jpg Graphic file (type jpg)

<use headshots/dunn.jpg>
Package pdftex.def Info: headshots/dunn.jpg used on input line 104.
(pdftex.def)             Requested size: 2767.33203pt x 2813.50441pt.

Overfull \hbox (268.48608pt too wide) in paragraph at lines 104--104
[][] 
 []

File: headshots/dunn.jpg Graphic file (type jpg)
<use headshots/dunn.jpg>
Package pdftex.def Info: headshots/dunn.jpg used on input line 104.
(pdftex.def)             Requested size: 2767.33203pt x 2813.50441pt.

Underfull \hbox (badness 10000) in alignment at lines 104--104
[][] 
 []


Overfull \hbox (15.00002pt too wide) in paragraph at lines 104--104
[][] 
 []


Underfull \vbox (badness 10000) detected at line 104
 []


Underfull \vbox (badness 10000) detected at line 104
 []


Overfull \hbox (115.05042pt too wide) detected at line 104
[] []|[] []
 []

<headshots/womack.jpg, id=34, 2705.10625pt x 2707.11375pt>
File: headshots/womack.jpg Graphic file (type jpg)

<use headshots/womack.jpg>
Package pdftex.def Info: headshots/womack.jpg used on input line 105.
(pdftex.def)             Requested size: 2705.09967pt x 2707.1072pt.

Overfull \hbox (268.48608pt too wide) in paragraph at lines 105--105
[][] 
 []

File: headshots/womack.jpg Graphic file (type jpg)
<use headshots/womack.jpg>
Package pdftex.def Info: headshots/womack.jpg used on input line 105.
(pdftex.def)             Requested size: 2705.09967pt x 2707.1072pt.

Underfull \hbox (badness 10000) in alignment at lines 105--105
[][] 
 []


Overfull \hbox (15.00002pt too wide) in paragraph at lines 105--105
[][] 
 []


Underfull \vbox (badness 10000) detected at line 105
 []


Underfull \vbox (badness 10000) detected at line 105
 []


Overfull \hbox (115.05042pt too wide) detected at line 105
[] []|[] []
 []

<headshots/barr.jpg, id=35, 508.90125pt x 520.94624pt>
File: headshots/barr.jpg Graphic file (type jpg)

<use headshots/barr.jpg>
Package pdftex.def Info: headshots/barr.jpg used on input line 106.
(pdftex.def)             Requested size: 508.90001pt x 520.94498pt.

Overfull \hbox (268.48608pt too wide) in paragraph at lines 106--106
[][] 
 []

File: headshots/barr.jpg Graphic file (type jpg)
<use headshots/barr.jpg>
Package pdftex.def Info: headshots/barr.jpg used on input line 106.
(pdftex.def)             Requested size: 508.90001pt x 520.94498pt.

Underfull \hbox (badness 10000) in alignment at lines 106--106
[][] 
 []


Overfull \hbox (15.00002pt too wide) in paragraph at lines 106--106
[][] 
 []


Underfull \vbox (badness 10000) detected at line 106
 []


Underfull \vbox (badness 10000) detected at line 106
 []


Overfull \hbox (115.05042pt too wide) detected at line 106
[] []|[] []
 []

<headshots/kelly.jpg, id=36, 630.355pt x 642.4pt>
File: headshots/kelly.jpg Graphic file (type jpg)
 <use headshots/kelly.jpg>
Package pdftex.def Info: headshots/kelly.jpg used on input line 107.
(pdftex.def)             Requested size: 630.35345pt x 642.39844pt.

Overfull \hbox (268.48608pt too wide) in paragraph at lines 107--107
[][] 
 []

File: headshots/kelly.jpg Graphic file (type jpg)
<use headshots/kelly.jpg>
Package pdftex.def Info: headshots/kelly.jpg used on input line 107.
(pdftex.def)             Requested size: 630.35345pt x 642.39844pt.

Underfull \hbox (badness 10000) in alignment at lines 107--107
[][] 
 []


Overfull \hbox (15.00002pt too wide) in paragraph at lines 107--107
[][] 
 []


Underfull \vbox (badness 10000) detected at line 107
 []


Underfull \vbox (badness 10000) detected at line 107
 []


Overfull \hbox (115.05042pt too wide) detected at line 107
[] []|[] []
 []

File: 314logo.png Graphic file (type png)
<use 314logo.png>
Package pdftex.def Info: 314logo.png used on input line 108.
(pdftex.def)             Requested size: 121.05246pt x 36.79913pt.


Package Fancyhdr Warning: \headheight is too small (22.0pt): 
 Make it at least 40.39917pt.
 We now make it that large for the rest of the document.
 This may cause the page layout to be inconsistent, however.

pdfTeX warning (ext4): destination with the same identifier (name{page.}) has b
een already used, duplicate ignored
<to be read again> 
                   \relax 
l.108 ...uri}{6481}{0.678}{headshots/hartzler.jpg}
                                                   [3 <./headshots/davis.jpg> <
./headshots/mcmorris_rogers.jpg> <./headshots/dunn.jpg> <./headshots/womack.jpg
> <./headshots/barr.jpg>]
<headshots/hartzler.jpg, id=40, 2842.62pt x 2887.78876pt>
File: headshots/hartzler.jpg Graphic file (type jpg)

<use headshots/hartzler.jpg>
Package pdftex.def Info: headshots/hartzler.jpg used on input line 108.
(pdftex.def)             Requested size: 2842.6131pt x 2887.78174pt.

Overfull \hbox (268.48608pt too wide) in paragraph at lines 108--108
[][] 
 []

File: headshots/hartzler.jpg Graphic file (type jpg)
<use headshots/hartzler.jpg>
Package pdftex.def Info: headshots/hartzler.jpg used on input line 108.
(pdftex.def)             Requested size: 2842.6131pt x 2887.78174pt.

Underfull \hbox (badness 10000) in alignment at lines 108--108
[][] 
 []


Overfull \hbox (15.00002pt too wide) in paragraph at lines 108--108
[][] 
 []


Underfull \vbox (badness 10000) detected at line 108
 []


Underfull \vbox (badness 10000) detected at line 108
 []


Overfull \hbox (115.05042pt too wide) detected at line 108
[] []|[] []
 []

<headshots/fortenberry.jpg, id=41, 1000.73875pt x 1065.9825pt>
File: headshots/fortenberry.jpg Graphic file (type jpg)

<use headshots/fortenberry.jpg>
Package pdftex.def Info: headshots/fortenberry.jpg used on input line 109.
(pdftex.def)             Requested size: 1000.73633pt x 1065.9799pt.

Overfull \hbox (268.48608pt too wide) in paragraph at lines 109--109
[][] 
 []

File: headshots/fortenberry.jpg Graphic file (type jpg)
<use headshots/fortenberry.jpg>
Package pdftex.def Info: headshots/fortenberry.jpg used on input line 109.
(pdftex.def)             Requested size: 1000.73633pt x 1065.9799pt.

Underfull \hbox (badness 10000) in alignment at lines 109--109
[][] 
 []


Overfull \hbox (15.00002pt too wide) in paragraph at lines 109--109
[][] 
 []


Underfull \vbox (badness 10000) detected at line 109
 []


Underfull \vbox (badness 10000) detected at line 109
 []


Overfull \hbox (115.05042pt too wide) detected at line 109
[] []|[] []
 []

<headshots/burgess.jpg, id=42, 2816.5225pt x 3194.93625pt>
File: headshots/burgess.jpg Graphic file (type jpg)

<use headshots/burgess.jpg>
Package pdftex.def Info: headshots/burgess.jpg used on input line 110.
(pdftex.def)             Requested size: 2816.51566pt x 3194.9285pt.

Overfull \hbox (268.48608pt too wide) in paragraph at lines 110--110
[][] 
 []

File: headshots/burgess.jpg Graphic file (type jpg)
<use headshots/burgess.jpg>
Package pdftex.def Info: headshots/burgess.jpg used on input line 110.
(pdftex.def)             Requested size: 2816.51566pt x 3194.9285pt.

Underfull \hbox (badness 10000) in alignment at lines 110--110
[][] 
 []


Overfull \hbox (15.00002pt too wide) in paragraph at lines 110--110
[][] 
 []


Underfull \vbox (badness 10000) detected at line 110
 []


Underfull \vbox (badness 10000) detected at line 110
 []


Overfull \hbox (115.05042pt too wide) detected at line 110
[] []|[] []
 []

<headshots/cole.jpg, id=43, 2743.24875pt x 2791.42876pt>
File: headshots/cole.jpg Graphic file (type jpg)

<use headshots/cole.jpg>
Package pdftex.def Info: headshots/cole.jpg used on input line 111.
(pdftex.def)             Requested size: 2743.2421pt x 2791.42197pt.

Overfull \hbox (268.48608pt too wide) in paragraph at lines 111--111
[][] 
 []

File: headshots/cole.jpg Graphic file (type jpg)
<use headshots/cole.jpg>
Package pdftex.def Info: headshots/cole.jpg used on input line 111.
(pdftex.def)             Requested size: 2743.2421pt x 2791.42197pt.

Underfull \hbox (badness 10000) in alignment at lines 111--111
[][] 
 []


Overfull \hbox (15.00002pt too wide) in paragraph at lines 111--111
[][] 
 []


Underfull \vbox (badness 10000) detected at line 111
 []


Underfull \vbox (badness 10000) detected at line 111
 []


Overfull \hbox (115.05042pt too wide) detected at line 111
[] []|[] []
 []

<headshots/stewart.jpg, id=44, 475.7775pt x 495.8525pt>
File: headshots/stewart.jpg Graphic file (type jpg)

<use headshots/stewart.jpg>
Package pdftex.def Info: headshots/stewart.jpg used on input line 112.
(pdftex.def)             Requested size: 475.77632pt x 495.85129pt.

Overfull \hbox (268.48608pt too wide) in paragraph at lines 112--112
[][] 
 []

File: headshots/stewart.jpg Graphic file (type jpg)
<use headshots/stewart.jpg>
Package pdftex.def Info: headshots/stewart.jpg used on input line 112.
(pdftex.def)             Requested size: 475.77632pt x 495.85129pt.

Underfull \hbox (badness 10000) in alignment at lines 112--112
[][] 
 []


Overfull \hbox (15.00002pt too wide) in paragraph at lines 112--112
[][] 
 []


Underfull \vbox (badness 10000) detected at line 112
 []


Underfull \vbox (badness 10000) detected at line 112
 []


Overfull \hbox (115.05042pt too wide) detected at line 112
[] []|[] []
 []

File: 314logo.png Graphic file (type png)
<use 314logo.png>
Package pdftex.def Info: 314logo.png used on input line 113.
(pdftex.def)             Requested size: 121.05246pt x 36.79913pt.


Package Fancyhdr Warning: \headheight is too small (22.0pt): 
 Make it at least 40.39917pt.
 We now make it that large for the rest of the document.
 This may cause the page layout to be inconsistent, however.

pdfTeX warning (ext4): destination with the same identifier (name{page.}) has b
een already used, duplicate ignored
<to be read again> 
                   \relax 
l.113 ...ech}{6890}{0.686}{headshots/griffith.jpg}
                                                   [4 <./headshots/kelly.jpg> <
./headshots/hartzler.jpg> <./headshots/fortenberry.jpg> <./headshots/burgess.jp
g> <./headshots/cole.jpg>]
<headshots/griffith.jpg, id=48, 1482.53876pt x 1659.19875pt>
File: headshots/griffith.jpg Graphic file (type jpg)

<use headshots/griffith.jpg>
Package pdftex.def Info: headshots/griffith.jpg used on input line 113.
(pdftex.def)             Requested size: 1482.53516pt x 1659.19472pt.

Overfull \hbox (268.48608pt too wide) in paragraph at lines 113--113
[][] 
 []

File: headshots/griffith.jpg Graphic file (type jpg)
<use headshots/griffith.jpg>
Package pdftex.def Info: headshots/griffith.jpg used on input line 113.
(pdftex.def)             Requested size: 1482.53516pt x 1659.19472pt.

Underfull \hbox (badness 10000) in alignment at lines 113--113
[][] 
 []


Overfull \hbox (15.00002pt too wide) in paragraph at lines 113--113
[][] 
 []


Underfull \vbox (badness 10000) detected at line 113
 []


Underfull \vbox (badness 10000) detected at line 113
 []


Overfull \hbox (115.05042pt too wide) detected at line 113
[] []|[] []
 []

<headshots/mckinley.jpg, id=49, 2831.57875pt x 3096.56876pt>
File: headshots/mckinley.jpg Graphic file (type jpg)

<use headshots/mckinley.jpg>
Package pdftex.def Info: headshots/mckinley.jpg used on input line 114.
(pdftex.def)             Requested size: 2831.57188pt x 3096.56123pt.

Overfull \hbox (268.48608pt too wide) in paragraph at lines 114--114
[][] 
 []

File: headshots/mckinley.jpg Graphic file (type jpg)
<use headshots/mckinley.jpg>
Package pdftex.def Info: headshots/mckinley.jpg used on input line 114.
(pdftex.def)             Requested size: 2831.57188pt x 3096.56123pt.

Underfull \hbox (badness 10000) in alignment at lines 114--114
[][] 
 []


Overfull \hbox (15.00002pt too wide) in paragraph at lines 114--114
[][] 
 []


Underfull \vbox (badness 10000) detected at line 114
 []


Underfull \vbox (badness 10000) detected at line 114
 []


Overfull \hbox (115.05042pt too wide) detected at line 114
[] []|[] []
 []

<headshots/king.jpg, id=50, 567.11874pt x 718.685pt>
File: headshots/king.jpg Graphic file (type jpg)
 <use headshots/king.jpg>
Package pdftex.def Info: headshots/king.jpg used on input line 115.
(pdftex.def)             Requested size: 567.11736pt x 718.68324pt.

Overfull \hbox (268.48608pt too wide) in paragraph at lines 115--115
[][] 
 []

File: headshots/king.jpg Graphic file (type jpg)
<use headshots/king.jpg>
Package pdftex.def Info: headshots/king.jpg used on input line 115.
(pdftex.def)             Requested size: 567.11736pt x 718.68324pt.

Underfull \hbox (badness 10000) in alignment at lines 115--115
[][] 
 []


Overfull \hbox (15.00002pt too wide) in paragraph at lines 115--115
[][] 
 []


Underfull \vbox (badness 10000) detected at line 115
 []


Underfull \vbox (badness 10000) detected at line 115
 []


Overfull \hbox (115.05042pt too wide) detected at line 115
[] []|[] []
 []

<headshots/marshall.jpg, id=51, 2810.5pt x 2775.36874pt>
File: headshots/marshall.jpg Graphic file (type jpg)

<use headshots/marshall.jpg>
Package pdftex.def Info: headshots/marshall.jpg used on input line 116.
(pdftex.def)             Requested size: 2810.49318pt x 2775.362pt.

Overfull \hbox (268.48608pt too wide) in paragraph at lines 116--116
[][] 
 []

File: headshots/marshall.jpg Graphic file (type jpg)
<use headshots/marshall.jpg>
Package pdftex.def Info: headshots/marshall.jpg used on input line 116.
(pdftex.def)             Requested size: 2810.49318pt x 2775.362pt.

Underfull \hbox (badness 10000) in alignment at lines 116--116
[][] 
 []


Overfull \hbox (15.00002pt too wide) in paragraph at lines 116--116
[][] 
 []


Underfull \vbox (badness 10000) detected at line 116
 []


Underfull \vbox (badness 10000) detected at line 116
 []


Overfull \hbox (115.05042pt too wide) detected at line 116
[] []|[] []
 []

<headshots/graves.jpg, id=52, 1368.11125pt x 1439.3775pt>
File: headshots/graves.jpg Graphic file (type jpg)

<use headshots/graves.jpg>
Package pdftex.def Info: headshots/graves.jpg used on input line 117.
(pdftex.def)             Requested size: 1368.10793pt x 1439.374pt.

Overfull \hbox (268.48608pt too wide) in paragraph at lines 117--117
[][] 
 []

File: headshots/graves.jpg Graphic file (type jpg)
<use headshots/graves.jpg>
Package pdftex.def Info: headshots/graves.jpg used on input line 117.
(pdftex.def)             Requested size: 1368.10793pt x 1439.374pt.

Underfull \hbox (badness 10000) in alignment at lines 117--117
[][] 
 []


Overfull \hbox (15.00002pt too wide) in paragraph at lines 117--117
[][] 
 []


Underfull \vbox (badness 10000) detected at line 117
 []


Underfull \vbox (badness 10000) detected at line 117
 []


Overfull \hbox (115.05042pt too wide) detected at line 117
[] []|[] []
 []

File: 314logo.png Graphic file (type png)
<use 314logo.png>
Package pdftex.def Info: 314logo.png used on input line 118.
(pdftex.def)             Requested size: 121.05246pt x 36.79913pt.


Package Fancyhdr Warning: \headheight is too small (22.0pt): 
 Make it at least 40.39917pt.
 We now make it that large for the rest of the document.
 This may cause the page layout to be inconsistent, however.

pdfTeX warning (ext4): destination with the same identifier (name{page.}) has b
een already used, duplicate ignored
<to be read again> 
                   \relax 
l.118 ...ity}{5902}{0.673}{headshots/thompson.jpg}
                                                   [5 <./headshots/stewart.jpg>
 <./headshots/griffith.jpg> <./headshots/mckinley.jpg> <./headshots/king.jpg> <
./headshots/marshall.jpg>]
<headshots/thompson.jpg, id=56, 1057.9525pt x 1144.275pt>
File: headshots/thompson.jpg Graphic file (type jpg)

<use headshots/thompson.jpg>
Package pdftex.def Info: headshots/thompson.jpg used on input line 118.
(pdftex.def)             Requested size: 1057.94992pt x 1144.2722pt.

Overfull \hbox (268.48608pt too wide) in paragraph at lines 118--118
[][] 
 []

File: headshots/thompson.jpg Graphic file (type jpg)
<use headshots/thompson.jpg>
Package pdftex.def Info: headshots/thompson.jpg used on input line 118.
(pdftex.def)             Requested size: 1057.94992pt x 1144.2722pt.

Underfull \hbox (badness 10000) in alignment at lines 118--118
[][] 
 []


Overfull \hbox (15.00002pt too wide) in paragraph at lines 118--118
[][] 
 []


Underfull \vbox (badness 10000) detected at line 118
 []


Underfull \vbox (badness 10000) detected at line 118
 []


Overfull \hbox (115.05042pt too wide) detected at line 118
[] []|[] []
 []

<headshots/rokita.jpg, id=57, 2858.68pt x 3077.4975pt>
File: headshots/rokita.jpg Graphic file (type jpg)

<use headshots/rokita.jpg>
Package pdftex.def Info: headshots/rokita.jpg used on input line 119.
(pdftex.def)             Requested size: 2858.67305pt x 3077.49004pt.

Overfull \hbox (268.48608pt too wide) in paragraph at lines 119--119
[][] 
 []

File: headshots/rokita.jpg Graphic file (type jpg)
<use headshots/rokita.jpg>
Package pdftex.def Info: headshots/rokita.jpg used on input line 119.
(pdftex.def)             Requested size: 2858.67305pt x 3077.49004pt.

Underfull \hbox (badness 10000) in alignment at lines 119--119
[][] 
 []


Overfull \hbox (15.00002pt too wide) in paragraph at lines 119--119
[][] 
 []


Underfull \vbox (badness 10000) detected at line 119
 []


Underfull \vbox (badness 10000) detected at line 119
 []


Overfull \hbox (115.05042pt too wide) detected at line 119
[] []|[] []
 []

<headshots/poe.jpg, id=58, 642.4pt x 669.50125pt>
File: headshots/poe.jpg Graphic file (type jpg)
 <use headshots/poe.jpg>
Package pdftex.def Info: headshots/poe.jpg used on input line 120.
(pdftex.def)             Requested size: 642.39844pt x 669.49962pt.

Overfull \hbox (268.48608pt too wide) in paragraph at lines 120--120
[][] 
 []

File: headshots/poe.jpg Graphic file (type jpg)
<use headshots/poe.jpg>
Package pdftex.def Info: headshots/poe.jpg used on input line 120.
(pdftex.def)             Requested size: 642.39844pt x 669.49962pt.

Underfull \hbox (badness 10000) in alignment at lines 120--120
[][] 
 []


Overfull \hbox (15.00002pt too wide) in paragraph at lines 120--120
[][] 
 []


Underfull \vbox (badness 10000) detected at line 120
 []


Underfull \vbox (badness 10000) detected at line 120
 []


Overfull \hbox (115.05042pt too wide) detected at line 120
[] []|[] []
 []

<headshots/jenkins.jpg, id=59, 2552.53625pt x 2368.85pt>
File: headshots/jenkins.jpg Graphic file (type jpg)

<use headshots/jenkins.jpg>
Package pdftex.def Info: headshots/jenkins.jpg used on input line 121.
(pdftex.def)             Requested size: 2552.53006pt x 2368.84425pt.

Overfull \hbox (268.48608pt too wide) in paragraph at lines 121--121
[][] 
 []

File: headshots/jenkins.jpg Graphic file (type jpg)
<use headshots/jenkins.jpg>
Package pdftex.def Info: headshots/jenkins.jpg used on input line 121.
(pdftex.def)             Requested size: 2552.53006pt x 2368.84425pt.

Underfull \hbox (badness 10000) in alignment at lines 121--121
[][] 
 []


Overfull \hbox (15.00002pt too wide) in paragraph at lines 121--121
[][] 
 []


Underfull \vbox (badness 10000) detected at line 121
 []


Underfull \vbox (badness 10000) detected at line 121
 []


Overfull \hbox (115.05042pt too wide) detected at line 121
[] []|[] []
 []

<headshots/duncan.jpg, id=60, 764.8575pt x 737.75626pt>
File: headshots/duncan.jpg Graphic file (type jpg)

<use headshots/duncan.jpg>
Package pdftex.def Info: headshots/duncan.jpg used on input line 122.
(pdftex.def)             Requested size: 764.85562pt x 737.75446pt.

Overfull \hbox (268.48608pt too wide) in paragraph at lines 122--122
[][] 
 []

File: headshots/duncan.jpg Graphic file (type jpg)
<use headshots/duncan.jpg>
Package pdftex.def Info: headshots/duncan.jpg used on input line 122.
(pdftex.def)             Requested size: 764.85562pt x 737.75446pt.

Underfull \hbox (badness 10000) in alignment at lines 122--122
[][] 
 []


Overfull \hbox (15.00002pt too wide) in paragraph at lines 122--122
[][] 
 []


Underfull \vbox (badness 10000) detected at line 122
 []


Underfull \vbox (badness 10000) detected at line 122
 []


Overfull \hbox (115.05042pt too wide) detected at line 122
[] []|[] []
 []

File: 314logo.png Graphic file (type png)
<use 314logo.png>
Package pdftex.def Info: 314logo.png used on input line 123.
(pdftex.def)             Requested size: 121.05246pt x 36.79913pt.


Package Fancyhdr Warning: \headheight is too small (22.0pt): 
 Make it at least 40.39917pt.
 We now make it that large for the rest of the document.
 This may cause the page layout to be inconsistent, however.

pdfTeX warning (ext4): destination with the same identifier (name{page.}) has b
een already used, duplicate ignored
<to be read again> 
                   \relax 
l.123 ...sity}{12283}{0.724}{headshots/flores.jpg}
                                                   [6 <./headshots/graves.jpg> 
<./headshots/thompson.jpg> <./headshots/rokita.jpg> <./headshots/poe.jpg> <./he
adshots/jenkins.jpg>] <headshots/flores.jpg, id=64, 2822.545pt x 3324.42pt>
File: headshots/flores.jpg Graphic file (type jpg)

<use headshots/flores.jpg>
Package pdftex.def Info: headshots/flores.jpg used on input line 123.
(pdftex.def)             Requested size: 2822.53815pt x 3324.41194pt.

Overfull \hbox (268.48608pt too wide) in paragraph at lines 123--123
[][] 
 []

File: headshots/flores.jpg Graphic file (type jpg)
<use headshots/flores.jpg>
Package pdftex.def Info: headshots/flores.jpg used on input line 123.
(pdftex.def)             Requested size: 2822.53815pt x 3324.41194pt.

Underfull \hbox (badness 10000) in alignment at lines 123--123
[][] 
 []


Overfull \hbox (15.00002pt too wide) in paragraph at lines 123--123
[][] 
 []


Underfull \vbox (badness 10000) detected at line 123
 []


Underfull \vbox (badness 10000) detected at line 123
 []


Overfull \hbox (115.05042pt too wide) detected at line 123
[] []|[] []
 []

<headshots/scalise.jpg, id=65, 1188.44pt x 955.57pt>
File: headshots/scalise.jpg Graphic file (type jpg)

<use headshots/scalise.jpg>
Package pdftex.def Info: headshots/scalise.jpg used on input line 124.
(pdftex.def)             Requested size: 1188.43712pt x 955.56767pt.

Overfull \hbox (268.48608pt too wide) in paragraph at lines 124--124
[][] 
 []

File: headshots/scalise.jpg Graphic file (type jpg)
<use headshots/scalise.jpg>
Package pdftex.def Info: headshots/scalise.jpg used on input line 124.
(pdftex.def)             Requested size: 1188.43712pt x 955.56767pt.

Underfull \hbox (badness 10000) in alignment at lines 124--124
[][] 
 []


Overfull \hbox (15.00002pt too wide) in paragraph at lines 124--124
[][] 
 []


Underfull \vbox (badness 10000) detected at line 124
 []


Underfull \vbox (badness 10000) detected at line 124
 []


Overfull \hbox (115.05042pt too wide) detected at line 124
[] []|[] []
 []

<headshots/arrington.jpg, id=66, 600.2425pt x 555.07375pt>
File: headshots/arrington.jpg Graphic file (type jpg)

<use headshots/arrington.jpg>
Package pdftex.def Info: headshots/arrington.jpg used on input line 125.
(pdftex.def)             Requested size: 600.24103pt x 555.07237pt.

Overfull \hbox (268.48608pt too wide) in paragraph at lines 125--125
[][] 
 []

File: headshots/arrington.jpg Graphic file (type jpg)
<use headshots/arrington.jpg>
Package pdftex.def Info: headshots/arrington.jpg used on input line 125.
(pdftex.def)             Requested size: 600.24103pt x 555.07237pt.

Underfull \hbox (badness 10000) in alignment at lines 125--125
[][] 
 []


Overfull \hbox (15.00002pt too wide) in paragraph at lines 125--125
[][] 
 []


Underfull \vbox (badness 10000) detected at line 125
 []


Underfull \vbox (badness 10000) detected at line 125
 []


Overfull \hbox (115.05042pt too wide) detected at line 125
[] []|[] []
 []

<headshots/hice.jpg, id=67, 642.4pt x 679.53876pt>
File: headshots/hice.jpg Graphic file (type jpg)
 <use headshots/hice.jpg>
Package pdftex.def Info: headshots/hice.jpg used on input line 126.
(pdftex.def)             Requested size: 642.39844pt x 679.53711pt.

Overfull \hbox (268.48608pt too wide) in paragraph at lines 126--126
[][] 
 []

File: headshots/hice.jpg Graphic file (type jpg)
<use headshots/hice.jpg>
Package pdftex.def Info: headshots/hice.jpg used on input line 126.
(pdftex.def)             Requested size: 642.39844pt x 679.53711pt.

Underfull \hbox (badness 10000) in alignment at lines 126--126
[][] 
 []


Overfull \hbox (15.00002pt too wide) in paragraph at lines 126--126
[][] 
 []


Underfull \vbox (badness 10000) detected at line 126
 []


Underfull \vbox (badness 10000) detected at line 126
 []


Overfull \hbox (115.05042pt too wide) detected at line 126
[] []|[] []
 []

File: 314logo.png Graphic file (type png)
<use 314logo.png>
Package pdftex.def Info: 314logo.png used on input line 145.
(pdftex.def)             Requested size: 121.05246pt x 36.79913pt.


Package Fancyhdr Warning: \headheight is too small (22.0pt): 
 Make it at least 40.39917pt.
 We now make it that large for the rest of the document.
 This may cause the page layout to be inconsistent, however.

pdfTeX warning (ext4): destination with the same identifier (name{page.}) has b
een already used, duplicate ignored
<to be read again> 
                   \relax 
l.145 \end{document}
                     [7 <./headshots/duncan.jpg> <./headshots/flores.jpg> <./he
adshots/scalise.jpg> <./headshots/arrington.jpg> <./headshots/hice.jpg>]
Package atveryend Info: Empty hook `BeforeClearDocument' on input line 145.
Package atveryend Info: Empty hook `AfterLastShipout' on input line 145.

(./vulnerable_reps.aux)
Package atveryend Info: Executing hook `AtVeryEndDocument' on input line 145.
Package atveryend Info: Executing hook `AtEndAfterFileList' on input line 145.
Package rerunfilecheck Info: File `vulnerable_reps.out' has not changed.
(rerunfilecheck)             Checksum: D41D8CD98F00B204E9800998ECF8427E;0.
Package atveryend Info: Empty hook `AtVeryVeryEnd' on input line 145.
 ) 
Here is how much of TeX's memory you used:
 22454 strings out of 493014
 437411 string characters out of 6133351
 606832 words of memory out of 5000000
 25530 multiletter control sequences out of 15000+600000
 14990 words of font info for 54 fonts, out of 8000000 for 9000
 1141 hyphenation exceptions out of 8191
 62i,15n,85p,955b,950s stack positions out of 5000i,500n,10000p,200000b,80000s
{/usr/local/texlive/2016/texmf-dist/fonts/enc/dvips/base/8r.enc}</usr/local/t
exlive/2016/texmf-dist/fonts/type1/urw/palatino/uplb8a.pfb></usr/local/texlive/
2016/texmf-dist/fonts/type1/urw/palatino/uplbi8a.pfb></usr/local/texlive/2016/t
exmf-dist/fonts/type1/urw/palatino/uplr8a.pfb></usr/local/texlive/2016/texmf-di
st/fonts/type1/urw/palatino/uplri8a.pfb>
Output written on vulnerable_reps.pdf (7 pages, 37038829 bytes).
PDF statistics:
 90 PDF objects out of 1000 (max. 8388607)
 40 compressed objects within 1 object stream
 2 named destinations out of 1000 (max. 500000)
 17596 words of extra memory for PDF output out of 20736 (max. 10000000)

